gssr.pl was run and results were yielded at Mon Aug  8 14:07:41 2016
gssr.pl was run and results were yielded at Thu Aug 11 14:46:29 2016
gssr.pl was run and results were yielded at Thu Aug 11 14:48:05 2016
gssr.pl was run and results were yielded at Thu Aug 11 14:54:36 2016
gssr.pl was run and results were yielded at Mon Aug 15 08:38:36 2016
gssr.pl was run and results were yielded at Mon Aug 15 08:42:28 2016
gssr.pl was run and results were yielded at Thu Aug 18 14:33:40 2016
gssr.pl was run and results were yielded at Thu Aug 18 14:35:25 2016
gssr.pl was run and results were yielded at Thu Aug 18 14:36:57 2016
gssr.pl was run and results were yielded at Thu Aug 18 14:37:26 2016
gssr.pl was run and results were yielded at Thu Aug 18 14:38:25 2016
gssr.pl was run and results were yielded at Thu Aug 18 14:54:56 2016
gssr.pl was run and results were yielded at Thu Aug 18 14:56:15 2016
gssr.pl was run and results were yielded at Tue Aug 30 09:51:17 2016
gssr.pl was run and results were yielded at Tue Aug 30 09:52:34 2016
gssr.pl was run and results were yielded at Tue Aug 30 09:53:02 2016
gssr.pl was run and results were yielded at Tue Aug 30 09:53:14 2016
gssr.pl was run and results were yielded at Tue Aug 30 09:54:28 2016
gssr.pl was run and results were yielded at Tue Aug 30 09:54:38 2016
gssr.pl was run and results were yielded at Tue Aug 30 09:54:45 2016
gssr.pl was run and results were yielded at Tue Aug 30 09:54:53 2016
gssr.pl was run and results were yielded at Tue Aug 30 09:57:00 2016
gssr.pl was run and results were yielded at Tue Aug 30 09:57:18 2016
gssr.pl was run and results were yielded at Tue Aug 30 09:57:25 2016
gssr.pl was run and results were yielded at Tue Aug 30 09:57:34 2016
gssr.pl was run and results were yielded at Tue Aug 30 09:57:43 2016
gssr.pl was run and results were yielded at Tue Aug 30 09:57:52 2016
gssr.pl was run and results were yielded at Tue Aug 30 09:58:01 2016
gssr.pl was run and results were yielded at Tue Aug 30 09:58:10 2016
gssr.pl was run and results were yielded at Tue Aug 30 09:59:26 2016
gssr.pl was run and results were yielded at Tue Aug 30 09:59:35 2016
gssr.pl was run and results were yielded at Tue Aug 30 10:00:55 2016
gssr.pl was run and results were yielded at Tue Aug 30 10:01:03 2016
gssr.pl was run and results were yielded at Tue Aug 30 10:01:11 2016
gssr.pl was run and results were yielded at Tue Aug 30 10:01:19 2016
gssr.pl was run and results were yielded at Tue Aug 30 10:01:28 2016
gssr.pl was run and results were yielded at Tue Aug 30 10:01:36 2016
gssr.pl was run and results were yielded at Tue Aug 30 10:02:11 2016
gssr.pl was run and results were yielded at Tue Aug 30 10:02:21 2016
gssr.pl was run and results were yielded at Tue Aug 30 10:02:30 2016
gssr.pl was run and results were yielded at Tue Aug 30 10:02:40 2016
gssr.pl was run and results were yielded at Tue Aug 30 10:02:49 2016
gssr.pl was run and results were yielded at Tue Aug 30 10:02:56 2016
gssr.pl was run and results were yielded at Tue Aug 30 10:03:04 2016
gssr.pl was run and results were yielded at Tue Aug 30 10:03:14 2016
gssr.pl was run and results were yielded at Tue Sep 13 10:49:59 2016
gssr.pl was run and results were yielded at Tue Sep 13 10:55:52 2016
gssr.pl was run and results were yielded at Tue Sep 13 10:57:20 2016
gssr.pl was run and results were yielded at Tue Sep 13 11:43:18 2016
gssr.pl was run and results were yielded at Tue Sep 13 12:24:14 2016
gssr.pl was run and results were yielded at Tue Sep 13 12:29:23 2016
gssr.pl was run and results were yielded at Tue Sep 13 12:30:09 2016
gssr.pl was run and results were yielded at Wed Sep 14 19:39:07 2016
gssr.pl was run and results were yielded at Wed Sep 14 20:24:46 2016
gssr.pl was run and results were yielded at Wed Sep 14 20:25:16 2016
gssr.pl was run and results were yielded at Tue Sep 20 22:44:33 2016
gssr.pl was run and results were yielded at Tue Sep 20 22:55:53 2016
gssr.pl was run and results were yielded at Tue Sep 20 22:56:34 2016
gssr.pl was run and results were yielded at Wed Sep 21 14:09:32 2016
gssr.pl was run and results were yielded at Fri Oct 14 02:02:25 2016
gssr.pl was run and results were yielded at Fri Oct 14 02:02:25 2016
gssr.pl was run and results were yielded at Fri Oct 14 02:02:25 2016
gssr.pl was run and results were yielded at Fri Oct 14 02:08:46 2016
gssr.pl was run and results were yielded at Fri Oct 14 02:08:47 2016
gssr.pl was run and results were yielded at Fri Oct 14 02:08:47 2016
gssr.pl was run and results were yielded at Fri Oct 14 02:25:48 2016
gssr.pl was run and results were yielded at Fri Oct 14 02:25:48 2016
gssr.pl was run and results were yielded at Fri Oct 14 02:25:48 2016
gssr.pl was run and results were yielded at Fri Oct 14 02:32:35 2016
gssr.pl was run and results were yielded at Fri Oct 14 02:32:35 2016
gssr.pl was run and results were yielded at Fri Oct 14 02:32:35 2016
gssr.pl was run and results were yielded at Fri Oct 14 02:34:52 2016
gssr.pl was run and results were yielded at Fri Oct 14 02:34:52 2016
gssr.pl was run and results were yielded at Fri Oct 14 02:34:53 2016
gssr.pl was run and results were yielded at Fri Oct 14 02:35:16 2016
gssr.pl was run and results were yielded at Fri Oct 14 02:35:17 2016
gssr.pl was run and results were yielded at Fri Oct 14 02:35:17 2016
gssr.pl was run and results were yielded at Fri Oct 14 12:27:15 2016
gssr.pl was run and results were yielded at Fri Oct 14 12:27:16 2016
gssr.pl was run and results were yielded at Fri Oct 14 12:27:16 2016
gssr.pl was run and results were yielded at Fri Oct 14 12:30:10 2016
gssr.pl was run and results were yielded at Fri Oct 14 12:30:45 2016
gssr.pl was run and results were yielded at Fri Oct 14 12:30:45 2016
gssr.pl was run and results were yielded at Fri Oct 14 12:32:35 2016
gssr.pl was run and results were yielded at Fri Oct 14 12:32:35 2016
gssr.pl was run and results were yielded at Fri Oct 14 12:43:51 2016
gssr.pl was run and results were yielded at Fri Oct 14 12:43:51 2016
gssr.pl was run and results were yielded at Fri Oct 14 12:44:37 2016
gssr.pl was run and results were yielded at Fri Oct 14 12:44:37 2016
gssr.pl was run and results were yielded at Fri Oct 14 12:48:28 2016
gssr.pl was run and results were yielded at Fri Oct 14 12:49:13 2016
gssr.pl was run and results were yielded at Fri Oct 14 12:49:13 2016
gssr.pl was run and results were yielded at Fri Oct 14 13:33:08 2016
gssr.pl was run and results were yielded at Fri Oct 14 13:33:08 2016
gssr.pl was run and results were yielded at Fri Oct 14 13:33:46 2016
gssr.pl was run and results were yielded at Fri Oct 14 13:33:47 2016
gssr.pl was run and results were yielded at Fri Oct 14 13:34:06 2016
gssr.pl was run and results were yielded at Fri Oct 14 13:34:06 2016
gssr.pl was run and results were yielded at Fri Oct 14 15:30:12 2016
gssr.pl was run and results were yielded at Fri Oct 14 15:30:12 2016
gssr.pl was run and results were yielded at Fri Oct 14 15:32:32 2016
gssr.pl was run and results were yielded at Fri Oct 14 15:34:43 2016
gssr.pl was run and results were yielded at Fri Oct 14 15:34:43 2016
gssr.pl was run and results were yielded at Fri Oct 14 15:35:51 2016
gssr.pl was run and results were yielded at Fri Oct 14 15:35:51 2016
gssr.pl was run and results were yielded at Fri Oct 14 15:37:38 2016
gssr.pl was run and results were yielded at Fri Oct 14 15:37:38 2016
gssr.pl was run and results were yielded at Fri Oct 14 17:19:21 2016
gssr.pl was run and results were yielded at Fri Oct 14 17:19:22 2016
gssr.pl was run and results were yielded at Fri Oct 14 17:21:25 2016
gssr.pl was run and results were yielded at Fri Oct 14 17:21:26 2016
gssr.pl was run and results were yielded at Fri Oct 14 17:22:10 2016
gssr.pl was run and results were yielded at Fri Oct 14 17:22:10 2016
gssr.pl was run and results were yielded at Fri Oct 14 17:52:01 2016
gssr.pl was run and results were yielded at Fri Oct 14 17:52:30 2016
gssr.pl was run and results were yielded at Fri Oct 14 17:52:30 2016
gssr.pl was run and results were yielded at Fri Oct 14 17:55:02 2016
gssr.pl was run and results were yielded at Fri Oct 14 17:55:03 2016
gssr.pl was run and results were yielded at Fri Oct 14 17:56:25 2016
gssr.pl was run and results were yielded at Fri Oct 14 17:56:25 2016
gssr.pl was run and results were yielded at Fri Oct 14 17:58:50 2016
gssr.pl was run and results were yielded at Fri Oct 14 17:58:51 2016
gssr.pl was run and results were yielded at Fri Oct 14 18:00:38 2016
gssr.pl was run and results were yielded at Fri Oct 14 18:00:38 2016
gssr.pl was run and results were yielded at Fri Oct 14 18:10:39 2016
gssr.pl was run and results were yielded at Fri Oct 14 18:10:40 2016
gssr.pl was run and results were yielded at Fri Oct 14 18:12:06 2016
gssr.pl was run and results were yielded at Fri Oct 14 18:12:06 2016
gssr.pl was run and results were yielded at Fri Oct 14 18:13:10 2016
gssr.pl was run and results were yielded at Fri Oct 14 18:13:42 2016
gssr.pl was run and results were yielded at Fri Oct 14 18:13:43 2016
gssr.pl was run and results were yielded at Fri Oct 14 18:15:05 2016
gssr.pl was run and results were yielded at Fri Oct 14 18:15:05 2016
gssr.pl was run and results were yielded at Fri Oct 14 18:15:36 2016
gssr.pl was run and results were yielded at Fri Oct 14 18:15:36 2016
gssr.pl was run and results were yielded at Fri Oct 14 18:17:09 2016
gssr.pl was run and results were yielded at Fri Oct 14 18:17:10 2016
gssr.pl was run and results were yielded at Fri Oct 14 18:17:31 2016
gssr.pl was run and results were yielded at Fri Oct 14 18:17:31 2016
gssr.pl was run and results were yielded at Fri Oct 14 18:17:48 2016
gssr.pl was run and results were yielded at Fri Oct 14 18:17:49 2016
gssr.pl was run and results were yielded at Fri Oct 14 18:18:18 2016
gssr.pl was run and results were yielded at Fri Oct 14 18:18:18 2016
gssr.pl was run and results were yielded at Fri Oct 14 18:18:45 2016
gssr.pl was run and results were yielded at Fri Oct 14 18:18:46 2016
gssr.pl was run and results were yielded at Fri Oct 14 18:20:13 2016
gssr.pl was run and results were yielded at Fri Oct 14 18:20:13 2016
gssr.pl was run and results were yielded at Fri Oct 14 18:20:51 2016
gssr.pl was run and results were yielded at Fri Oct 14 18:20:51 2016
gssr.pl was run and results were yielded at Fri Oct 14 18:22:45 2016
gssr.pl was run and results were yielded at Fri Oct 14 18:22:45 2016
gssr.pl was run and results were yielded at Fri Oct 14 18:23:08 2016
gssr.pl was run and results were yielded at Fri Oct 14 18:23:08 2016
gssr.pl was run and results were yielded at Fri Oct 14 18:23:41 2016
gssr.pl was run and results were yielded at Fri Oct 14 18:23:41 2016
gssr.pl was run and results were yielded at Fri Oct 14 18:25:26 2016
gssr.pl was run and results were yielded at Fri Oct 14 18:25:27 2016
gssr.pl was run and results were yielded at Fri Oct 14 18:25:59 2016
gssr.pl was run and results were yielded at Fri Oct 14 18:25:59 2016
gssr.pl was run and results were yielded at Fri Oct 14 18:37:11 2016
gssr.pl was run and results were yielded at Fri Oct 14 18:37:11 2016
gssr.pl was run and results were yielded at Fri Oct 14 18:37:29 2016
gssr.pl was run and results were yielded at Fri Oct 14 18:37:30 2016
gssr.pl was run and results were yielded at Fri Oct 14 18:41:02 2016
gssr.pl was run and results were yielded at Fri Oct 14 18:41:02 2016
gssr.pl was run and results were yielded at Fri Oct 14 18:42:26 2016
gssr.pl was run and results were yielded at Fri Oct 14 18:42:26 2016
gssr.pl was run and results were yielded at Fri Oct 14 18:43:48 2016
gssr.pl was run and results were yielded at Fri Oct 14 18:43:49 2016
gssr.pl was run and results were yielded at Fri Oct 14 18:49:13 2016
gssr.pl was run and results were yielded at Fri Oct 14 18:50:17 2016
gssr.pl was run and results were yielded at Fri Oct 14 18:50:18 2016
gssr.pl was run and results were yielded at Fri Oct 14 18:54:08 2016
gssr.pl was run and results were yielded at Fri Oct 14 18:54:08 2016
gssr.pl was run and results were yielded at Fri Oct 14 18:56:08 2016
gssr.pl was run and results were yielded at Fri Oct 14 18:56:09 2016
gssr.pl was run and results were yielded at Fri Oct 14 18:56:25 2016
gssr.pl was run and results were yielded at Fri Oct 14 18:56:25 2016
gssr.pl was run and results were yielded at Fri Oct 14 18:56:54 2016
gssr.pl was run and results were yielded at Fri Oct 14 19:00:53 2016
gssr.pl was run and results were yielded at Fri Oct 14 19:00:53 2016
gssr.pl was run and results were yielded at Fri Oct 14 19:21:38 2016
gssr.pl was run and results were yielded at Fri Oct 14 19:21:38 2016
gssr.pl was run and results were yielded at Fri Oct 14 19:22:45 2016
gssr.pl was run and results were yielded at Fri Oct 14 19:22:45 2016
gssr.pl was run and results were yielded at Fri Oct 14 19:24:57 2016
gssr.pl was run and results were yielded at Fri Oct 14 19:24:57 2016
gssr.pl was run and results were yielded at Fri Oct 14 19:45:55 2016
gssr.pl was run and results were yielded at Fri Oct 14 19:46:09 2016
gssr.pl was run and results were yielded at Fri Oct 14 19:46:10 2016
gssr.pl was run and results were yielded at Fri Oct 14 20:10:37 2016
gssr.pl was run and results were yielded at Fri Oct 14 20:10:38 2016
gssr.pl was run and results were yielded at Fri Oct 14 20:11:16 2016
gssr.pl was run and results were yielded at Fri Oct 14 20:11:16 2016
gssr.pl was run and results were yielded at Fri Oct 14 20:12:34 2016
gssr.pl was run and results were yielded at Fri Oct 14 20:12:46 2016
gssr.pl was run and results were yielded at Fri Oct 14 22:10:46 2016
gssr.pl was run and results were yielded at Fri Oct 14 22:12:53 2016
gssr.pl was run and results were yielded at Fri Oct 14 22:12:53 2016
gssr.pl was run and results were yielded at Fri Oct 14 22:13:22 2016
gssr.pl was run and results were yielded at Fri Oct 14 22:13:22 2016
gssr.pl was run and results were yielded at Fri Oct 14 22:14:15 2016
gssr.pl was run and results were yielded at Fri Oct 14 22:14:15 2016
gssr.pl was run and results were yielded at Fri Oct 14 22:15:02 2016
gssr.pl was run and results were yielded at Fri Oct 14 22:15:03 2016
gssr.pl was run and results were yielded at Fri Oct 14 22:15:48 2016
gssr.pl was run and results were yielded at Fri Oct 14 22:15:49 2016
gssr.pl was run and results were yielded at Fri Oct 14 22:16:24 2016
gssr.pl was run and results were yielded at Fri Oct 14 22:16:24 2016
gssr.pl was run and results were yielded at Fri Oct 14 22:18:13 2016
gssr.pl was run and results were yielded at Fri Oct 14 22:18:13 2016
gssr.pl was run and results were yielded at Fri Oct 14 22:18:27 2016
gssr.pl was run and results were yielded at Fri Oct 14 22:18:27 2016
gssr.pl was run and results were yielded at Fri Oct 14 22:19:24 2016
gssr.pl was run and results were yielded at Fri Oct 14 22:19:24 2016
gssr.pl was run and results were yielded at Fri Oct 14 22:20:15 2016
gssr.pl was run and results were yielded at Fri Oct 14 22:20:15 2016
gssr.pl was run and results were yielded at Fri Oct 14 22:22:47 2016
gssr.pl was run and results were yielded at Fri Oct 14 22:22:47 2016
gssr.pl was run and results were yielded at Fri Oct 14 22:23:58 2016
gssr.pl was run and results were yielded at Fri Oct 14 22:23:59 2016
gssr.pl was run and results were yielded at Fri Oct 14 22:25:01 2016
gssr.pl was run and results were yielded at Fri Oct 14 22:25:01 2016
gssr.pl was run and results were yielded at Fri Oct 14 22:26:33 2016
gssr.pl was run and results were yielded at Fri Oct 14 22:26:33 2016
gssr.pl was run and results were yielded at Fri Oct 14 22:27:33 2016
gssr.pl was run and results were yielded at Fri Oct 14 22:27:33 2016
gssr.pl was run and results were yielded at Fri Oct 14 22:30:18 2016
gssr.pl was run and results were yielded at Fri Oct 14 22:30:19 2016
gssr.pl was run and results were yielded at Fri Oct 14 22:31:25 2016
gssr.pl was run and results were yielded at Fri Oct 14 22:31:26 2016
gssr.pl was run and results were yielded at Fri Oct 14 22:32:09 2016
gssr.pl was run and results were yielded at Fri Oct 14 22:32:20 2016
gssr.pl was run and results were yielded at Fri Oct 14 22:32:21 2016
gssr.pl was run and results were yielded at Fri Oct 14 22:41:03 2016
gssr.pl was run and results were yielded at Fri Oct 14 22:41:54 2016
gssr.pl was run and results were yielded at Fri Oct 14 22:43:03 2016
gssr.pl was run and results were yielded at Fri Oct 14 22:43:33 2016
gssr.pl was run and results were yielded at Fri Oct 14 22:45:25 2016
gssr.pl was run and results were yielded at Fri Oct 14 22:46:31 2016
gssr.pl was run and results were yielded at Fri Oct 14 22:50:32 2016
gssr.pl was run and results were yielded at Fri Oct 14 22:50:32 2016
gssr.pl was run and results were yielded at Fri Oct 14 22:51:19 2016
gssr.pl was run and results were yielded at Fri Oct 14 22:51:19 2016
gssr.pl was run and results were yielded at Fri Oct 14 22:57:23 2016
gssr.pl was run and results were yielded at Fri Oct 14 22:57:34 2016
gssr.pl was run and results were yielded at Fri Oct 14 22:57:34 2016
gssr.pl was run and results were yielded at Fri Oct 14 23:04:32 2016
gssr.pl was run and results were yielded at Fri Oct 14 23:04:32 2016
gssr.pl was run and results were yielded at Fri Oct 14 23:05:02 2016
gssr.pl was run and results were yielded at Fri Oct 14 23:05:02 2016
gssr.pl was run and results were yielded at Fri Oct 14 23:05:40 2016
gssr.pl was run and results were yielded at Fri Oct 14 23:05:40 2016
gssr.pl was run and results were yielded at Fri Oct 14 23:06:01 2016
gssr.pl was run and results were yielded at Fri Oct 14 23:06:02 2016
gssr.pl was run and results were yielded at Fri Oct 14 23:08:19 2016
gssr.pl was run and results were yielded at Fri Oct 14 23:08:19 2016
gssr.pl was run and results were yielded at Fri Oct 14 23:12:10 2016
gssr.pl was run and results were yielded at Fri Oct 14 23:12:11 2016
gssr.pl was run and results were yielded at Fri Oct 14 23:13:39 2016
gssr.pl was run and results were yielded at Fri Oct 14 23:13:40 2016
gssr.pl was run and results were yielded at Fri Oct 14 23:14:16 2016
gssr.pl was run and results were yielded at Fri Oct 14 23:14:17 2016
gssr.pl was run and results were yielded at Fri Oct 14 23:16:11 2016
gssr.pl was run and results were yielded at Fri Oct 14 23:16:11 2016
gssr.pl was run and results were yielded at Fri Oct 14 23:18:54 2016
gssr.pl was run and results were yielded at Fri Oct 14 23:18:55 2016
gssr.pl was run and results were yielded at Fri Oct 14 23:25:37 2016
gssr.pl was run and results were yielded at Fri Oct 14 23:25:37 2016
gssr.pl was run and results were yielded at Fri Oct 14 23:27:24 2016
gssr.pl was run and results were yielded at Fri Oct 14 23:27:24 2016
gssr.pl was run and results were yielded at Fri Oct 14 23:29:27 2016
gssr.pl was run and results were yielded at Fri Oct 14 23:29:27 2016
gssr.pl was run and results were yielded at Fri Oct 14 23:29:57 2016
gssr.pl was run and results were yielded at Fri Oct 14 23:29:58 2016
gssr.pl was run and results were yielded at Fri Oct 14 23:30:54 2016
gssr.pl was run and results were yielded at Fri Oct 14 23:30:55 2016
gssr.pl was run and results were yielded at Fri Oct 14 23:32:05 2016
gssr.pl was run and results were yielded at Fri Oct 14 23:32:05 2016
gssr.pl was run and results were yielded at Fri Oct 14 23:39:53 2016
gssr.pl was run and results were yielded at Fri Oct 14 23:39:53 2016
gssr.pl was run and results were yielded at Fri Oct 14 23:42:20 2016
gssr.pl was run and results were yielded at Fri Oct 14 23:42:21 2016
gssr.pl was run and results were yielded at Fri Oct 14 23:44:13 2016
gssr.pl was run and results were yielded at Fri Oct 14 23:44:14 2016
gssr.pl was run and results were yielded at Fri Oct 14 23:47:50 2016
gssr.pl was run and results were yielded at Fri Oct 14 23:47:50 2016
gssr.pl was run and results were yielded at Fri Oct 14 23:48:18 2016
gssr.pl was run and results were yielded at Fri Oct 14 23:48:18 2016
gssr.pl was run and results were yielded at Fri Oct 14 23:49:14 2016
gssr.pl was run and results were yielded at Fri Oct 14 23:49:14 2016
gssr.pl was run and results were yielded at Fri Oct 14 23:50:18 2016
gssr.pl was run and results were yielded at Fri Oct 14 23:50:18 2016
gssr.pl was run and results were yielded at Fri Oct 14 23:51:16 2016
gssr.pl was run and results were yielded at Fri Oct 14 23:51:16 2016
gssr.pl was run and results were yielded at Fri Oct 14 23:53:33 2016
gssr.pl was run and results were yielded at Fri Oct 14 23:53:34 2016
gssr.pl was run and results were yielded at Fri Oct 14 23:55:54 2016
gssr.pl was run and results were yielded at Fri Oct 14 23:55:55 2016
gssr.pl was run and results were yielded at Fri Oct 14 23:59:51 2016
gssr.pl was run and results were yielded at Fri Oct 14 23:59:53 2016
gssr.pl was run and results were yielded at Sat Oct 15 00:00:15 2016
gssr.pl was run and results were yielded at Sat Oct 15 00:00:15 2016
gssr.pl was run and results were yielded at Sat Oct 15 00:02:33 2016
gssr.pl was run and results were yielded at Sat Oct 15 00:02:33 2016
gssr.pl was run and results were yielded at Sat Oct 15 00:03:57 2016
gssr.pl was run and results were yielded at Sat Oct 15 00:03:57 2016
gssr.pl was run and results were yielded at Sat Oct 15 00:05:12 2016
gssr.pl was run and results were yielded at Sat Oct 15 00:05:13 2016
gssr.pl was run and results were yielded at Sat Oct 15 00:09:58 2016
gssr.pl was run and results were yielded at Sat Oct 15 00:10:00 2016
gssr.pl was run and results were yielded at Sat Oct 15 00:11:41 2016
gssr.pl was run and results were yielded at Sat Oct 15 00:14:32 2016
gssr.pl was run and results were yielded at Sat Oct 15 00:15:57 2016
gssr.pl was run and results were yielded at Sat Oct 15 00:17:20 2016
gssr.pl was run and results were yielded at Sat Oct 15 00:24:28 2016
gssr.pl was run and results were yielded at Sat Oct 15 00:24:50 2016
gssr.pl was run and results were yielded at Sat Oct 15 00:25:08 2016
gssr.pl was run and results were yielded at Sat Oct 15 00:25:45 2016
gssr.pl was run and results were yielded at Sat Oct 15 00:25:46 2016
gssr.pl was run and results were yielded at Sat Oct 15 00:26:36 2016
gssr.pl was run and results were yielded at Sat Oct 15 00:26:41 2016
gssr.pl was run and results were yielded at Sat Oct 15 00:27:11 2016
gssr.pl was run and results were yielded at Sat Oct 15 00:27:17 2016
gssr.pl was run and results were yielded at Sat Oct 15 00:28:22 2016
gssr.pl was run and results were yielded at Sat Oct 15 00:29:05 2016
gssr.pl was run and results were yielded at Sat Oct 15 00:33:38 2016
gssr.pl was run and results were yielded at Sat Oct 15 00:34:13 2016
gssr.pl was run and results were yielded at Sat Oct 15 00:37:01 2016
gssr.pl was run and results were yielded at Sat Oct 15 00:37:56 2016
gssr.pl was run and results were yielded at Sat Oct 15 00:38:53 2016
gssr.pl was run and results were yielded at Sat Oct 15 00:39:23 2016
gssr.pl was run and results were yielded at Sat Oct 15 00:40:07 2016
gssr.pl was run and results were yielded at Sat Oct 15 00:40:30 2016
gssr.pl was run and results were yielded at Sat Oct 15 00:41:20 2016
gssr.pl was run and results were yielded at Sat Oct 15 00:41:43 2016
gssr.pl was run and results were yielded at Sat Oct 15 00:42:03 2016
gssr.pl was run and results were yielded at Sat Oct 15 00:42:38 2016
gssr.pl was run and results were yielded at Sat Oct 15 00:43:05 2016
gssr.pl was run and results were yielded at Sat Oct 15 00:44:12 2016
gssr.pl was run and results were yielded at Sat Oct 15 00:54:15 2016
gssr.pl was run and results were yielded at Sat Oct 15 00:55:08 2016
gssr.pl was run and results were yielded at Sat Oct 15 00:55:21 2016
gssr.pl was run and results were yielded at Sat Oct 15 00:55:28 2016
gssr.pl was run and results were yielded at Sat Oct 15 00:55:43 2016
gssr.pl was run and results were yielded at Sat Oct 15 01:00:33 2016
gssr.pl was run and results were yielded at Sat Oct 15 01:02:18 2016
gssr.pl was run and results were yielded at Sat Oct 15 01:16:53 2016
gssr.pl was run and results were yielded at Sat Oct 15 01:17:53 2016
gssr.pl was run and results were yielded at Sat Oct 15 01:19:27 2016
gssr.pl was run and results were yielded at Sat Oct 15 01:21:08 2016
gssr.pl was run and results were yielded at Sat Oct 15 01:22:42 2016
gssr.pl was run and results were yielded at Sat Oct 15 01:24:07 2016
gssr.pl was run and results were yielded at Sat Oct 15 01:28:42 2016
gssr.pl was run and results were yielded at Sat Oct 15 01:29:31 2016
gssr.pl was run and results were yielded at Sat Oct 15 01:29:49 2016
gssr.pl was run and results were yielded at Sat Oct 15 01:33:27 2016
gssr.pl was run and results were yielded at Sat Oct 15 01:33:50 2016
gssr.pl was run and results were yielded at Sat Oct 15 01:33:53 2016
gssr.pl was run and results were yielded at Sat Oct 15 01:47:48 2016
gssr.pl was run and results were yielded at Sat Oct 15 01:48:14 2016
gssr.pl was run and results were yielded at Sat Oct 15 01:48:17 2016
gssr.pl was run and results were yielded at Sat Oct 15 01:49:34 2016
gssr.pl was run and results were yielded at Sat Oct 15 01:55:03 2016
gssr.pl was run and results were yielded at Sat Oct 15 01:56:24 2016
gssr.pl was run and results were yielded at Sat Oct 15 01:56:40 2016
gssr.pl was run and results were yielded at Sat Oct 15 01:56:43 2016
gssr.pl was run and results were yielded at Sat Oct 15 01:58:32 2016
gssr.pl was run and results were yielded at Sat Oct 15 01:58:33 2016
gssr.pl was run and results were yielded at Sat Oct 15 01:59:23 2016
gssr.pl was run and results were yielded at Sat Oct 15 01:59:23 2016
gssr.pl was run and results were yielded at Sat Oct 15 02:00:42 2016
gssr.pl was run and results were yielded at Sat Oct 15 02:00:44 2016
